(---------------------------------------------------------------------)
(                                                                     )
(    Allegro Netrev Import Logic                                      )
(                                                                     )
(    Drawing          : P1 BUN.brd                                    )
(    Software Version : 17.2S025                                      )
(    Date/Time        : Wed Dec 06 02:04:59 2023                      )
(                                                                     )
(---------------------------------------------------------------------)


------ Directives ------------

Ripup etch:                  No
Ripup delete first segment:  No
Ripup retain bondwire:       No
Ripup symbols:               Always
Missing symbol has error:    No
DRC update:                  Yes
Schematic directory:         'C:\USERS\BOGDAN\DESKTOP\ETTI\AN 3 - SEM 1\P1\allegro'
Design Directory:            'C:/USERS/BOGDAN/DESKTOP/ETTI/AN 3 - SEM 1/P1/allegro'
Old design name:             'C:/Users/Bogdan/Desktop/ETTI/An 3 - Sem 1/P1/allegro/P1 BUN.brd'
New design name:             'C:/USERS/BOGDAN/DESKTOP/ETTI/AN 3 - SEM 1/P1/allegro/P1 BUN.brd'

CmdLine: netrev.exe -y 1 -u -i C:\USERS\BOGDAN\DESKTOP\ETTI\AN 3 - SEM 1\P1\allegro C:\Users\Bogdan\Desktop\ETTI\An 3 - Sem 1\P1\allegro\P1 BUN.brd C:\USERS\BOGDAN\DESKTOP\ETTI\AN 3 - SEM 1\P1\allegro\P1 BUN.brd

------ Preparing to read pst files ------

Starting to read C:/USERS/BOGDAN/DESKTOP/ETTI/AN 3 - SEM 1/P1/allegro/pstchip.dat 
   Finished reading C:/USERS/BOGDAN/DESKTOP/ETTI/AN 3 - SEM 1/P1/allegro/pstchip.dat (00:00:00.01)
Starting to read C:/USERS/BOGDAN/DESKTOP/ETTI/AN 3 - SEM 1/P1/allegro/pstxprt.dat 
   Finished reading C:/USERS/BOGDAN/DESKTOP/ETTI/AN 3 - SEM 1/P1/allegro/pstxprt.dat (00:00:00.01)
Starting to read C:/USERS/BOGDAN/DESKTOP/ETTI/AN 3 - SEM 1/P1/allegro/pstxnet.dat 
   Finished reading C:/USERS/BOGDAN/DESKTOP/ETTI/AN 3 - SEM 1/P1/allegro/pstxnet.dat (00:00:00.00)

------ Oversights/Warnings/Errors ------


------ Library Paths ------
MODULEPATH =  . 
           C:/Cadence/SPB_17.2/share/local/pcb/modules 

PSMPATH =  . 
           symbols 
           .. 
           ../symbols 
           C:/Cadence/SPB_17.2/share/local/pcb/symbols 
           C:/Cadence/SPB_17.2/share/pcb/pcb_lib/symbols 
           C:/Cadence/SPB_17.2/share/pcb/allegrolib/symbols 

PADPATH =  . 
           symbols 
           .. 
           ../symbols 
           C:/Cadence/SPB_17.2/share/local/pcb/padstacks 
           C:/Cadence/SPB_17.2/share/pcb/pcb_lib/symbols 
           C:/Cadence/SPB_17.2/share/pcb/allegrolib/symbols 


------ Summary Statistics ------


netrev run on Dec 6 2:04:59 2023
   DESIGN NAME : 'P1 BUN'
   PACKAGING ON Jul 30 2017 03:29:02

   COMPILE 'logic'
   CHECK_PIN_NAMES OFF
   CROSS_REFERENCE OFF
   FEEDBACK OFF
   INCREMENTAL OFF
   INTERFACE_TYPE PHYSICAL
   MAX_ERRORS 500
   MERGE_MINIMUM 5
   NET_NAME_CHARS '#%&()*+-./:=>?@[]^_`|'
   NET_NAME_LENGTH 24
   OVERSIGHTS ON
   REPLACE_CHECK OFF
   SINGLE_NODE_NETS ON
   SPLIT_MINIMUM 0
   SUPPRESS   20
   WARNINGS ON

 No error detected
 No oversight detected
 No warning detected

cpu time      0:00:23
elapsed time  0:00:00

